c:\users\philip\documents\visual studio 2015\projects\nyucodebase\nyucodebase\debug\vc140.pdb
c:\users\philip\documents\visual studio 2015\projects\nyucodebase\nyucodebase\debug\vc140.idb
c:\users\philip\documents\visual studio 2015\projects\nyucodebase\nyucodebase\debug\classdemoapp.obj
c:\users\philip\documents\visual studio 2015\projects\nyucodebase\nyucodebase\debug\controller.obj
c:\users\philip\documents\visual studio 2015\projects\nyucodebase\nyucodebase\debug\gamelevel.obj
c:\users\philip\documents\visual studio 2015\projects\nyucodebase\nyucodebase\debug\gameover.obj
c:\users\philip\documents\visual studio 2015\projects\nyucodebase\nyucodebase\debug\main.obj
c:\users\philip\documents\visual studio 2015\projects\nyucodebase\nyucodebase\debug\matrix.obj
c:\users\philip\documents\visual studio 2015\projects\nyucodebase\nyucodebase\debug\shaderprogram.obj
c:\users\philip\documents\visual studio 2015\projects\nyucodebase\nyucodebase\debug\scenemanager.obj
c:\users\philip\documents\visual studio 2015\projects\nyucodebase\nyucodebase\debug\pong.obj
c:\users\philip\documents\visual studio 2015\projects\nyucodebase\nyucodebase\debug\source.obj
c:\users\philip\documents\visual studio 2015\projects\nyucodebase\nyucodebase\debug\titlemenu.obj
c:\users\philip\documents\visual studio 2015\projects\nyucodebase\nyucodebase\debug\entity.obj
c:\users\philip\documents\visual studio 2015\projects\nyucodebase\nyucodebase\debug\sheetsprite.obj
c:\users\philip\documents\visual studio 2015\projects\nyucodebase\nyucodebase\debug\vector.obj
c:\users\philip\documents\visual studio 2015\projects\nyucodebase\nyucodebase\debug\maploader.obj
c:\users\philip\documents\visual studio 2015\projects\nyucodebase\debug\nyucodebase.ilk
c:\users\philip\documents\visual studio 2015\projects\nyucodebase\debug\nyucodebase.exe
c:\users\philip\documents\visual studio 2015\projects\nyucodebase\debug\nyucodebase.pdb
c:\users\philip\documents\visual studio 2015\projects\nyucodebase\nyucodebase\debug\nyucodebase.tlog\cl.command.1.tlog
c:\users\philip\documents\visual studio 2015\projects\nyucodebase\nyucodebase\debug\nyucodebase.tlog\cl.read.1.tlog
c:\users\philip\documents\visual studio 2015\projects\nyucodebase\nyucodebase\debug\nyucodebase.tlog\cl.write.1.tlog
c:\users\philip\documents\visual studio 2015\projects\nyucodebase\nyucodebase\debug\nyucodebase.tlog\link.command.1.tlog
c:\users\philip\documents\visual studio 2015\projects\nyucodebase\nyucodebase\debug\nyucodebase.tlog\link.read.1.tlog
c:\users\philip\documents\visual studio 2015\projects\nyucodebase\nyucodebase\debug\nyucodebase.tlog\link.write.1.tlog
